2017-12-21 10:49:49.454  INFO 10108 --- [main] com.sb.configuration.Entry               : Starting Entry on qb-xuhengda with PID 10108 (D:\workspace\spring_boot\target\classes started by John in D:\workspace\spring_boot)
2017-12-21 10:49:49.456  INFO 10108 --- [main] com.sb.configuration.Entry               : No active profile set, falling back to default profiles: default
2017-12-21 10:49:51.059  INFO 10108 --- [main] o.apache.catalina.core.StandardService   : Starting service Tomcat
2017-12-21 10:49:51.060  INFO 10108 --- [main] org.apache.catalina.core.StandardEngine  : Starting Servlet Engine: Apache Tomcat/8.5.11
2017-12-21 10:49:51.173  INFO 10108 --- [localhost-startStop-1] o.a.c.c.C.[Tomcat].[localhost].[/]       : Initializing Spring embedded WebApplicationContext
2017-12-21 10:49:51.572  INFO 10108 --- [main] o.hibernate.jpa.internal.util.LogHelper  : HHH000204: Processing PersistenceUnitInfo [
	name: default
	...]
2017-12-21 10:49:51.634  INFO 10108 --- [main] org.hibernate.Version                    : HHH000412: Hibernate Core {5.0.11.Final}
2017-12-21 10:49:51.636  INFO 10108 --- [main] org.hibernate.cfg.Environment            : HHH000206: hibernate.properties not found
2017-12-21 10:49:51.637  INFO 10108 --- [main] org.hibernate.cfg.Environment            : HHH000021: Bytecode provider name : javassist
2017-12-21 10:49:51.675  INFO 10108 --- [main] o.hibernate.annotations.common.Version   : HCANN000001: Hibernate Commons Annotations {5.0.1.Final}
2017-12-21 10:49:52.065  INFO 10108 --- [main] org.hibernate.dialect.Dialect            : HHH000400: Using dialect: org.hibernate.dialect.MySQL5Dialect
2017-12-21 10:49:52.387  INFO 10108 --- [main] org.hibernate.tool.hbm2ddl.SchemaUpdate  : HHH000228: Running hbm2ddl schema update
2017-12-21 10:49:52.627  INFO 10108 --- [main] o.h.h.i.QueryTranslatorFactoryInitiator  : HHH000397: Using ASTQueryTranslatorFactory
2017-12-21 10:49:53.689 ERROR 10108 --- [main] o.a.coyote.http11.Http11NioProtocol      : Failed to start end point associated with ProtocolHandler [http-nio-8081]

java.net.BindException: Address already in use: bind
	at sun.nio.ch.Net.bind0(Native Method) ~[na:1.8.0_101]
	at sun.nio.ch.Net.bind(Net.java:433) ~[na:1.8.0_101]
	at sun.nio.ch.Net.bind(Net.java:425) ~[na:1.8.0_101]
	at sun.nio.ch.ServerSocketChannelImpl.bind(ServerSocketChannelImpl.java:223) ~[na:1.8.0_101]
	at sun.nio.ch.ServerSocketAdaptor.bind(ServerSocketAdaptor.java:74) ~[na:1.8.0_101]
	at org.apache.tomcat.util.net.NioEndpoint.bind(NioEndpoint.java:210) ~[tomcat-embed-core-8.5.11.jar:8.5.11]
	at org.apache.tomcat.util.net.AbstractEndpoint.start(AbstractEndpoint.java:980) ~[tomcat-embed-core-8.5.11.jar:8.5.11]
	at org.apache.coyote.AbstractProtocol.start(AbstractProtocol.java:573) ~[tomcat-embed-core-8.5.11.jar:8.5.11]
	at org.apache.catalina.connector.Connector.startInternal(Connector.java:993) [tomcat-embed-core-8.5.11.jar:8.5.11]
	at org.apache.catalina.util.LifecycleBase.start(LifecycleBase.java:150) [tomcat-embed-core-8.5.11.jar:8.5.11]
	at org.apache.catalina.core.StandardService.addConnector(StandardService.java:225) [tomcat-embed-core-8.5.11.jar:8.5.11]
	at org.springframework.boot.context.embedded.tomcat.TomcatEmbeddedServletContainer.addPreviouslyRemovedConnectors(TomcatEmbeddedServletContainer.java:241) [spring-boot-1.5.1.RELEASE.jar:1.5.1.RELEASE]
	at org.springframework.boot.context.embedded.tomcat.TomcatEmbeddedServletContainer.start(TomcatEmbeddedServletContainer.java:184) [spring-boot-1.5.1.RELEASE.jar:1.5.1.RELEASE]
	at org.springframework.boot.context.embedded.EmbeddedWebApplicationContext.startEmbeddedServletContainer(EmbeddedWebApplicationContext.java:297) [spring-boot-1.5.1.RELEASE.jar:1.5.1.RELEASE]
	at org.springframework.boot.context.embedded.EmbeddedWebApplicationContext.finishRefresh(EmbeddedWebApplicationContext.java:145) [spring-boot-1.5.1.RELEASE.jar:1.5.1.RELEASE]
	at org.springframework.context.support.AbstractApplicationContext.refresh(AbstractApplicationContext.java:545) [spring-context-4.3.6.RELEASE.jar:4.3.6.RELEASE]
	at org.springframework.boot.context.embedded.EmbeddedWebApplicationContext.refresh(EmbeddedWebApplicationContext.java:122) [spring-boot-1.5.1.RELEASE.jar:1.5.1.RELEASE]
	at org.springframework.boot.SpringApplication.refresh(SpringApplication.java:737) [spring-boot-1.5.1.RELEASE.jar:1.5.1.RELEASE]
	at org.springframework.boot.SpringApplication.refreshContext(SpringApplication.java:370) [spring-boot-1.5.1.RELEASE.jar:1.5.1.RELEASE]
	at org.springframework.boot.SpringApplication.run(SpringApplication.java:314) [spring-boot-1.5.1.RELEASE.jar:1.5.1.RELEASE]
	at org.springframework.boot.SpringApplication.run(SpringApplication.java:1162) [spring-boot-1.5.1.RELEASE.jar:1.5.1.RELEASE]
	at org.springframework.boot.SpringApplication.run(SpringApplication.java:1151) [spring-boot-1.5.1.RELEASE.jar:1.5.1.RELEASE]
	at com.sb.configuration.Entry.main(Entry.java:17) [classes/:na]

2017-12-21 10:49:53.691 ERROR 10108 --- [main] o.apache.catalina.core.StandardService   : Failed to start connector [Connector[HTTP/1.1-8081]]

org.apache.catalina.LifecycleException: Failed to start component [Connector[HTTP/1.1-8081]]
	at org.apache.catalina.util.LifecycleBase.start(LifecycleBase.java:167) ~[tomcat-embed-core-8.5.11.jar:8.5.11]
	at org.apache.catalina.core.StandardService.addConnector(StandardService.java:225) ~[tomcat-embed-core-8.5.11.jar:8.5.11]
	at org.springframework.boot.context.embedded.tomcat.TomcatEmbeddedServletContainer.addPreviouslyRemovedConnectors(TomcatEmbeddedServletContainer.java:241) [spring-boot-1.5.1.RELEASE.jar:1.5.1.RELEASE]
	at org.springframework.boot.context.embedded.tomcat.TomcatEmbeddedServletContainer.start(TomcatEmbeddedServletContainer.java:184) [spring-boot-1.5.1.RELEASE.jar:1.5.1.RELEASE]
	at org.springframework.boot.context.embedded.EmbeddedWebApplicationContext.startEmbeddedServletContainer(EmbeddedWebApplicationContext.java:297) [spring-boot-1.5.1.RELEASE.jar:1.5.1.RELEASE]
	at org.springframework.boot.context.embedded.EmbeddedWebApplicationContext.finishRefresh(EmbeddedWebApplicationContext.java:145) [spring-boot-1.5.1.RELEASE.jar:1.5.1.RELEASE]
	at org.springframework.context.support.AbstractApplicationContext.refresh(AbstractApplicationContext.java:545) [spring-context-4.3.6.RELEASE.jar:4.3.6.RELEASE]
	at org.springframework.boot.context.embedded.EmbeddedWebApplicationContext.refresh(EmbeddedWebApplicationContext.java:122) [spring-boot-1.5.1.RELEASE.jar:1.5.1.RELEASE]
	at org.springframework.boot.SpringApplication.refresh(SpringApplication.java:737) [spring-boot-1.5.1.RELEASE.jar:1.5.1.RELEASE]
	at org.springframework.boot.SpringApplication.refreshContext(SpringApplication.java:370) [spring-boot-1.5.1.RELEASE.jar:1.5.1.RELEASE]
	at org.springframework.boot.SpringApplication.run(SpringApplication.java:314) [spring-boot-1.5.1.RELEASE.jar:1.5.1.RELEASE]
	at org.springframework.boot.SpringApplication.run(SpringApplication.java:1162) [spring-boot-1.5.1.RELEASE.jar:1.5.1.RELEASE]
	at org.springframework.boot.SpringApplication.run(SpringApplication.java:1151) [spring-boot-1.5.1.RELEASE.jar:1.5.1.RELEASE]
	at com.sb.configuration.Entry.main(Entry.java:17) [classes/:na]
Caused by: org.apache.catalina.LifecycleException: service.getName(): "Tomcat";  Protocol handler start failed
	at org.apache.catalina.connector.Connector.startInternal(Connector.java:1000) ~[tomcat-embed-core-8.5.11.jar:8.5.11]
	at org.apache.catalina.util.LifecycleBase.start(LifecycleBase.java:150) ~[tomcat-embed-core-8.5.11.jar:8.5.11]
	... 13 common frames omitted
Caused by: java.net.BindException: Address already in use: bind
	at sun.nio.ch.Net.bind0(Native Method) ~[na:1.8.0_101]
	at sun.nio.ch.Net.bind(Net.java:433) ~[na:1.8.0_101]
	at sun.nio.ch.Net.bind(Net.java:425) ~[na:1.8.0_101]
	at sun.nio.ch.ServerSocketChannelImpl.bind(ServerSocketChannelImpl.java:223) ~[na:1.8.0_101]
	at sun.nio.ch.ServerSocketAdaptor.bind(ServerSocketAdaptor.java:74) ~[na:1.8.0_101]
	at org.apache.tomcat.util.net.NioEndpoint.bind(NioEndpoint.java:210) ~[tomcat-embed-core-8.5.11.jar:8.5.11]
	at org.apache.tomcat.util.net.AbstractEndpoint.start(AbstractEndpoint.java:980) ~[tomcat-embed-core-8.5.11.jar:8.5.11]
	at org.apache.coyote.AbstractProtocol.start(AbstractProtocol.java:573) ~[tomcat-embed-core-8.5.11.jar:8.5.11]
	at org.apache.catalina.connector.Connector.startInternal(Connector.java:993) ~[tomcat-embed-core-8.5.11.jar:8.5.11]
	... 14 common frames omitted

2017-12-21 10:49:53.697  INFO 10108 --- [main] o.apache.catalina.core.StandardService   : Stopping service Tomcat
2017-12-21 10:49:53.741 ERROR 10108 --- [main] o.s.b.d.LoggingFailureAnalysisReporter   : 

***************************
APPLICATION FAILED TO START
***************************

Description:

The Tomcat connector configured to listen on port 8081 failed to start. The port may already be in use or the connector may be misconfigured.

Action:

Verify the connector's configuration, identify and stop any process that's listening on port 8081, or configure this application to listen on another port.

2017-12-21 10:51:52.374  INFO 7532 --- [main] com.sb.configuration.Entry               : Starting Entry on qb-xuhengda with PID 7532 (D:\workspace\spring_boot\target\classes started by John in D:\workspace\spring_boot)
2017-12-21 10:51:52.377  INFO 7532 --- [main] com.sb.configuration.Entry               : No active profile set, falling back to default profiles: default
2017-12-21 10:51:53.923  INFO 7532 --- [main] o.apache.catalina.core.StandardService   : Starting service Tomcat
2017-12-21 10:51:53.925  INFO 7532 --- [main] org.apache.catalina.core.StandardEngine  : Starting Servlet Engine: Apache Tomcat/8.5.11
2017-12-21 10:51:54.028  INFO 7532 --- [localhost-startStop-1] o.a.c.c.C.[Tomcat].[localhost].[/]       : Initializing Spring embedded WebApplicationContext
2017-12-21 10:51:54.405  INFO 7532 --- [main] o.hibernate.jpa.internal.util.LogHelper  : HHH000204: Processing PersistenceUnitInfo [
	name: default
	...]
2017-12-21 10:51:54.469  INFO 7532 --- [main] org.hibernate.Version                    : HHH000412: Hibernate Core {5.0.11.Final}
2017-12-21 10:51:54.470  INFO 7532 --- [main] org.hibernate.cfg.Environment            : HHH000206: hibernate.properties not found
2017-12-21 10:51:54.472  INFO 7532 --- [main] org.hibernate.cfg.Environment            : HHH000021: Bytecode provider name : javassist
2017-12-21 10:51:54.510  INFO 7532 --- [main] o.hibernate.annotations.common.Version   : HCANN000001: Hibernate Commons Annotations {5.0.1.Final}
2017-12-21 10:51:54.901  INFO 7532 --- [main] org.hibernate.dialect.Dialect            : HHH000400: Using dialect: org.hibernate.dialect.MySQL5Dialect
2017-12-21 10:51:55.216  INFO 7532 --- [main] org.hibernate.tool.hbm2ddl.SchemaUpdate  : HHH000228: Running hbm2ddl schema update
2017-12-21 10:51:55.472  INFO 7532 --- [main] o.h.h.i.QueryTranslatorFactoryInitiator  : HHH000397: Using ASTQueryTranslatorFactory
2017-12-21 10:51:56.552 ERROR 7532 --- [main] o.a.coyote.http11.Http11NioProtocol      : Failed to start end point associated with ProtocolHandler [http-nio-8081]

java.net.BindException: Address already in use: bind
	at sun.nio.ch.Net.bind0(Native Method) ~[na:1.8.0_101]
	at sun.nio.ch.Net.bind(Net.java:433) ~[na:1.8.0_101]
	at sun.nio.ch.Net.bind(Net.java:425) ~[na:1.8.0_101]
	at sun.nio.ch.ServerSocketChannelImpl.bind(ServerSocketChannelImpl.java:223) ~[na:1.8.0_101]
	at sun.nio.ch.ServerSocketAdaptor.bind(ServerSocketAdaptor.java:74) ~[na:1.8.0_101]
	at org.apache.tomcat.util.net.NioEndpoint.bind(NioEndpoint.java:210) ~[tomcat-embed-core-8.5.11.jar:8.5.11]
	at org.apache.tomcat.util.net.AbstractEndpoint.start(AbstractEndpoint.java:980) ~[tomcat-embed-core-8.5.11.jar:8.5.11]
	at org.apache.coyote.AbstractProtocol.start(AbstractProtocol.java:573) ~[tomcat-embed-core-8.5.11.jar:8.5.11]
	at org.apache.catalina.connector.Connector.startInternal(Connector.java:993) [tomcat-embed-core-8.5.11.jar:8.5.11]
	at org.apache.catalina.util.LifecycleBase.start(LifecycleBase.java:150) [tomcat-embed-core-8.5.11.jar:8.5.11]
	at org.apache.catalina.core.StandardService.addConnector(StandardService.java:225) [tomcat-embed-core-8.5.11.jar:8.5.11]
	at org.springframework.boot.context.embedded.tomcat.TomcatEmbeddedServletContainer.addPreviouslyRemovedConnectors(TomcatEmbeddedServletContainer.java:241) [spring-boot-1.5.1.RELEASE.jar:1.5.1.RELEASE]
	at org.springframework.boot.context.embedded.tomcat.TomcatEmbeddedServletContainer.start(TomcatEmbeddedServletContainer.java:184) [spring-boot-1.5.1.RELEASE.jar:1.5.1.RELEASE]
	at org.springframework.boot.context.embedded.EmbeddedWebApplicationContext.startEmbeddedServletContainer(EmbeddedWebApplicationContext.java:297) [spring-boot-1.5.1.RELEASE.jar:1.5.1.RELEASE]
	at org.springframework.boot.context.embedded.EmbeddedWebApplicationContext.finishRefresh(EmbeddedWebApplicationContext.java:145) [spring-boot-1.5.1.RELEASE.jar:1.5.1.RELEASE]
	at org.springframework.context.support.AbstractApplicationContext.refresh(AbstractApplicationContext.java:545) [spring-context-4.3.6.RELEASE.jar:4.3.6.RELEASE]
	at org.springframework.boot.context.embedded.EmbeddedWebApplicationContext.refresh(EmbeddedWebApplicationContext.java:122) [spring-boot-1.5.1.RELEASE.jar:1.5.1.RELEASE]
	at org.springframework.boot.SpringApplication.refresh(SpringApplication.java:737) [spring-boot-1.5.1.RELEASE.jar:1.5.1.RELEASE]
	at org.springframework.boot.SpringApplication.refreshContext(SpringApplication.java:370) [spring-boot-1.5.1.RELEASE.jar:1.5.1.RELEASE]
	at org.springframework.boot.SpringApplication.run(SpringApplication.java:314) [spring-boot-1.5.1.RELEASE.jar:1.5.1.RELEASE]
	at org.springframework.boot.SpringApplication.run(SpringApplication.java:1162) [spring-boot-1.5.1.RELEASE.jar:1.5.1.RELEASE]
	at org.springframework.boot.SpringApplication.run(SpringApplication.java:1151) [spring-boot-1.5.1.RELEASE.jar:1.5.1.RELEASE]
	at com.sb.configuration.Entry.main(Entry.java:17) [classes/:na]

2017-12-21 10:51:56.553 ERROR 7532 --- [main] o.apache.catalina.core.StandardService   : Failed to start connector [Connector[HTTP/1.1-8081]]

org.apache.catalina.LifecycleException: Failed to start component [Connector[HTTP/1.1-8081]]
	at org.apache.catalina.util.LifecycleBase.start(LifecycleBase.java:167) ~[tomcat-embed-core-8.5.11.jar:8.5.11]
	at org.apache.catalina.core.StandardService.addConnector(StandardService.java:225) ~[tomcat-embed-core-8.5.11.jar:8.5.11]
	at org.springframework.boot.context.embedded.tomcat.TomcatEmbeddedServletContainer.addPreviouslyRemovedConnectors(TomcatEmbeddedServletContainer.java:241) [spring-boot-1.5.1.RELEASE.jar:1.5.1.RELEASE]
	at org.springframework.boot.context.embedded.tomcat.TomcatEmbeddedServletContainer.start(TomcatEmbeddedServletContainer.java:184) [spring-boot-1.5.1.RELEASE.jar:1.5.1.RELEASE]
	at org.springframework.boot.context.embedded.EmbeddedWebApplicationContext.startEmbeddedServletContainer(EmbeddedWebApplicationContext.java:297) [spring-boot-1.5.1.RELEASE.jar:1.5.1.RELEASE]
	at org.springframework.boot.context.embedded.EmbeddedWebApplicationContext.finishRefresh(EmbeddedWebApplicationContext.java:145) [spring-boot-1.5.1.RELEASE.jar:1.5.1.RELEASE]
	at org.springframework.context.support.AbstractApplicationContext.refresh(AbstractApplicationContext.java:545) [spring-context-4.3.6.RELEASE.jar:4.3.6.RELEASE]
	at org.springframework.boot.context.embedded.EmbeddedWebApplicationContext.refresh(EmbeddedWebApplicationContext.java:122) [spring-boot-1.5.1.RELEASE.jar:1.5.1.RELEASE]
	at org.springframework.boot.SpringApplication.refresh(SpringApplication.java:737) [spring-boot-1.5.1.RELEASE.jar:1.5.1.RELEASE]
	at org.springframework.boot.SpringApplication.refreshContext(SpringApplication.java:370) [spring-boot-1.5.1.RELEASE.jar:1.5.1.RELEASE]
	at org.springframework.boot.SpringApplication.run(SpringApplication.java:314) [spring-boot-1.5.1.RELEASE.jar:1.5.1.RELEASE]
	at org.springframework.boot.SpringApplication.run(SpringApplication.java:1162) [spring-boot-1.5.1.RELEASE.jar:1.5.1.RELEASE]
	at org.springframework.boot.SpringApplication.run(SpringApplication.java:1151) [spring-boot-1.5.1.RELEASE.jar:1.5.1.RELEASE]
	at com.sb.configuration.Entry.main(Entry.java:17) [classes/:na]
Caused by: org.apache.catalina.LifecycleException: service.getName(): "Tomcat";  Protocol handler start failed
	at org.apache.catalina.connector.Connector.startInternal(Connector.java:1000) ~[tomcat-embed-core-8.5.11.jar:8.5.11]
	at org.apache.catalina.util.LifecycleBase.start(LifecycleBase.java:150) ~[tomcat-embed-core-8.5.11.jar:8.5.11]
	... 13 common frames omitted
Caused by: java.net.BindException: Address already in use: bind
	at sun.nio.ch.Net.bind0(Native Method) ~[na:1.8.0_101]
	at sun.nio.ch.Net.bind(Net.java:433) ~[na:1.8.0_101]
	at sun.nio.ch.Net.bind(Net.java:425) ~[na:1.8.0_101]
	at sun.nio.ch.ServerSocketChannelImpl.bind(ServerSocketChannelImpl.java:223) ~[na:1.8.0_101]
	at sun.nio.ch.ServerSocketAdaptor.bind(ServerSocketAdaptor.java:74) ~[na:1.8.0_101]
	at org.apache.tomcat.util.net.NioEndpoint.bind(NioEndpoint.java:210) ~[tomcat-embed-core-8.5.11.jar:8.5.11]
	at org.apache.tomcat.util.net.AbstractEndpoint.start(AbstractEndpoint.java:980) ~[tomcat-embed-core-8.5.11.jar:8.5.11]
	at org.apache.coyote.AbstractProtocol.start(AbstractProtocol.java:573) ~[tomcat-embed-core-8.5.11.jar:8.5.11]
	at org.apache.catalina.connector.Connector.startInternal(Connector.java:993) ~[tomcat-embed-core-8.5.11.jar:8.5.11]
	... 14 common frames omitted

2017-12-21 10:51:56.560  INFO 7532 --- [main] o.apache.catalina.core.StandardService   : Stopping service Tomcat
2017-12-21 10:51:56.572 ERROR 7532 --- [main] o.s.b.d.LoggingFailureAnalysisReporter   : 

***************************
APPLICATION FAILED TO START
***************************

Description:

The Tomcat connector configured to listen on port 8081 failed to start. The port may already be in use or the connector may be misconfigured.

Action:

Verify the connector's configuration, identify and stop any process that's listening on port 8081, or configure this application to listen on another port.

2017-12-21 10:52:38.897  INFO 9540 --- [main] com.sb.configuration.Entry               : Starting Entry on qb-xuhengda with PID 9540 (D:\workspace\spring_boot\target\classes started by John in D:\workspace\spring_boot)
2017-12-21 10:52:38.899  INFO 9540 --- [main] com.sb.configuration.Entry               : No active profile set, falling back to default profiles: default
2017-12-21 10:52:40.437  INFO 9540 --- [main] o.apache.catalina.core.StandardService   : Starting service Tomcat
2017-12-21 10:52:40.438  INFO 9540 --- [main] org.apache.catalina.core.StandardEngine  : Starting Servlet Engine: Apache Tomcat/8.5.11
2017-12-21 10:52:40.536  INFO 9540 --- [localhost-startStop-1] o.a.c.c.C.[Tomcat].[localhost].[/]       : Initializing Spring embedded WebApplicationContext
2017-12-21 10:52:40.938  INFO 9540 --- [main] o.hibernate.jpa.internal.util.LogHelper  : HHH000204: Processing PersistenceUnitInfo [
	name: default
	...]
2017-12-21 10:52:41.006  INFO 9540 --- [main] org.hibernate.Version                    : HHH000412: Hibernate Core {5.0.11.Final}
2017-12-21 10:52:41.008  INFO 9540 --- [main] org.hibernate.cfg.Environment            : HHH000206: hibernate.properties not found
2017-12-21 10:52:41.010  INFO 9540 --- [main] org.hibernate.cfg.Environment            : HHH000021: Bytecode provider name : javassist
2017-12-21 10:52:41.051  INFO 9540 --- [main] o.hibernate.annotations.common.Version   : HCANN000001: Hibernate Commons Annotations {5.0.1.Final}
2017-12-21 10:52:41.460  INFO 9540 --- [main] org.hibernate.dialect.Dialect            : HHH000400: Using dialect: org.hibernate.dialect.MySQL5Dialect
2017-12-21 10:52:41.788  INFO 9540 --- [main] org.hibernate.tool.hbm2ddl.SchemaUpdate  : HHH000228: Running hbm2ddl schema update
2017-12-21 10:52:42.053  INFO 9540 --- [main] o.h.h.i.QueryTranslatorFactoryInitiator  : HHH000397: Using ASTQueryTranslatorFactory
2017-12-21 10:52:43.193  INFO 9540 --- [main] com.sb.configuration.Entry               : Started Entry in 4.551 seconds (JVM running for 4.847)
2017-12-21 10:52:54.638  INFO 9540 --- [http-nio-8082-exec-1] o.a.c.c.C.[Tomcat].[localhost].[/]       : Initializing Spring FrameworkServlet 'dispatcherServlet'
2017-12-21 10:56:19.369  INFO 9868 --- [main] com.sb.configuration.Entry               : Starting Entry on qb-xuhengda with PID 9868 (D:\workspace\spring_boot\target\classes started by John in D:\workspace\spring_boot)
2017-12-21 10:56:19.371  INFO 9868 --- [main] com.sb.configuration.Entry               : No active profile set, falling back to default profiles: default
2017-12-21 10:56:20.943  INFO 9868 --- [main] o.apache.catalina.core.StandardService   : Starting service Tomcat
2017-12-21 10:56:20.944  INFO 9868 --- [main] org.apache.catalina.core.StandardEngine  : Starting Servlet Engine: Apache Tomcat/8.5.11
2017-12-21 10:56:21.061  INFO 9868 --- [localhost-startStop-1] o.a.c.c.C.[Tomcat].[localhost].[/]       : Initializing Spring embedded WebApplicationContext
2017-12-21 10:56:21.444  INFO 9868 --- [main] o.hibernate.jpa.internal.util.LogHelper  : HHH000204: Processing PersistenceUnitInfo [
	name: default
	...]
2017-12-21 10:56:21.508  INFO 9868 --- [main] org.hibernate.Version                    : HHH000412: Hibernate Core {5.0.11.Final}
2017-12-21 10:56:21.510  INFO 9868 --- [main] org.hibernate.cfg.Environment            : HHH000206: hibernate.properties not found
2017-12-21 10:56:21.511  INFO 9868 --- [main] org.hibernate.cfg.Environment            : HHH000021: Bytecode provider name : javassist
2017-12-21 10:56:21.549  INFO 9868 --- [main] o.hibernate.annotations.common.Version   : HCANN000001: Hibernate Commons Annotations {5.0.1.Final}
2017-12-21 10:56:21.955  INFO 9868 --- [main] org.hibernate.dialect.Dialect            : HHH000400: Using dialect: org.hibernate.dialect.MySQL5Dialect
2017-12-21 10:56:22.279  INFO 9868 --- [main] org.hibernate.tool.hbm2ddl.SchemaUpdate  : HHH000228: Running hbm2ddl schema update
2017-12-21 10:56:22.537  INFO 9868 --- [main] o.h.h.i.QueryTranslatorFactoryInitiator  : HHH000397: Using ASTQueryTranslatorFactory
2017-12-21 10:56:23.612 ERROR 9868 --- [main] o.a.coyote.http11.Http11NioProtocol      : Failed to start end point associated with ProtocolHandler [http-nio-8082]

java.net.BindException: Address already in use: bind
	at sun.nio.ch.Net.bind0(Native Method) ~[na:1.8.0_101]
	at sun.nio.ch.Net.bind(Net.java:433) ~[na:1.8.0_101]
	at sun.nio.ch.Net.bind(Net.java:425) ~[na:1.8.0_101]
	at sun.nio.ch.ServerSocketChannelImpl.bind(ServerSocketChannelImpl.java:223) ~[na:1.8.0_101]
	at sun.nio.ch.ServerSocketAdaptor.bind(ServerSocketAdaptor.java:74) ~[na:1.8.0_101]
	at org.apache.tomcat.util.net.NioEndpoint.bind(NioEndpoint.java:210) ~[tomcat-embed-core-8.5.11.jar:8.5.11]
	at org.apache.tomcat.util.net.AbstractEndpoint.start(AbstractEndpoint.java:980) ~[tomcat-embed-core-8.5.11.jar:8.5.11]
	at org.apache.coyote.AbstractProtocol.start(AbstractProtocol.java:573) ~[tomcat-embed-core-8.5.11.jar:8.5.11]
	at org.apache.catalina.connector.Connector.startInternal(Connector.java:993) [tomcat-embed-core-8.5.11.jar:8.5.11]
	at org.apache.catalina.util.LifecycleBase.start(LifecycleBase.java:150) [tomcat-embed-core-8.5.11.jar:8.5.11]
	at org.apache.catalina.core.StandardService.addConnector(StandardService.java:225) [tomcat-embed-core-8.5.11.jar:8.5.11]
	at org.springframework.boot.context.embedded.tomcat.TomcatEmbeddedServletContainer.addPreviouslyRemovedConnectors(TomcatEmbeddedServletContainer.java:241) [spring-boot-1.5.1.RELEASE.jar:1.5.1.RELEASE]
	at org.springframework.boot.context.embedded.tomcat.TomcatEmbeddedServletContainer.start(TomcatEmbeddedServletContainer.java:184) [spring-boot-1.5.1.RELEASE.jar:1.5.1.RELEASE]
	at org.springframework.boot.context.embedded.EmbeddedWebApplicationContext.startEmbeddedServletContainer(EmbeddedWebApplicationContext.java:297) [spring-boot-1.5.1.RELEASE.jar:1.5.1.RELEASE]
	at org.springframework.boot.context.embedded.EmbeddedWebApplicationContext.finishRefresh(EmbeddedWebApplicationContext.java:145) [spring-boot-1.5.1.RELEASE.jar:1.5.1.RELEASE]
	at org.springframework.context.support.AbstractApplicationContext.refresh(AbstractApplicationContext.java:545) [spring-context-4.3.6.RELEASE.jar:4.3.6.RELEASE]
	at org.springframework.boot.context.embedded.EmbeddedWebApplicationContext.refresh(EmbeddedWebApplicationContext.java:122) [spring-boot-1.5.1.RELEASE.jar:1.5.1.RELEASE]
	at org.springframework.boot.SpringApplication.refresh(SpringApplication.java:737) [spring-boot-1.5.1.RELEASE.jar:1.5.1.RELEASE]
	at org.springframework.boot.SpringApplication.refreshContext(SpringApplication.java:370) [spring-boot-1.5.1.RELEASE.jar:1.5.1.RELEASE]
	at org.springframework.boot.SpringApplication.run(SpringApplication.java:314) [spring-boot-1.5.1.RELEASE.jar:1.5.1.RELEASE]
	at org.springframework.boot.SpringApplication.run(SpringApplication.java:1162) [spring-boot-1.5.1.RELEASE.jar:1.5.1.RELEASE]
	at org.springframework.boot.SpringApplication.run(SpringApplication.java:1151) [spring-boot-1.5.1.RELEASE.jar:1.5.1.RELEASE]
	at com.sb.configuration.Entry.main(Entry.java:17) [classes/:na]

2017-12-21 10:56:23.613 ERROR 9868 --- [main] o.apache.catalina.core.StandardService   : Failed to start connector [Connector[HTTP/1.1-8082]]

org.apache.catalina.LifecycleException: Failed to start component [Connector[HTTP/1.1-8082]]
	at org.apache.catalina.util.LifecycleBase.start(LifecycleBase.java:167) ~[tomcat-embed-core-8.5.11.jar:8.5.11]
	at org.apache.catalina.core.StandardService.addConnector(StandardService.java:225) ~[tomcat-embed-core-8.5.11.jar:8.5.11]
	at org.springframework.boot.context.embedded.tomcat.TomcatEmbeddedServletContainer.addPreviouslyRemovedConnectors(TomcatEmbeddedServletContainer.java:241) [spring-boot-1.5.1.RELEASE.jar:1.5.1.RELEASE]
	at org.springframework.boot.context.embedded.tomcat.TomcatEmbeddedServletContainer.start(TomcatEmbeddedServletContainer.java:184) [spring-boot-1.5.1.RELEASE.jar:1.5.1.RELEASE]
	at org.springframework.boot.context.embedded.EmbeddedWebApplicationContext.startEmbeddedServletContainer(EmbeddedWebApplicationContext.java:297) [spring-boot-1.5.1.RELEASE.jar:1.5.1.RELEASE]
	at org.springframework.boot.context.embedded.EmbeddedWebApplicationContext.finishRefresh(EmbeddedWebApplicationContext.java:145) [spring-boot-1.5.1.RELEASE.jar:1.5.1.RELEASE]
	at org.springframework.context.support.AbstractApplicationContext.refresh(AbstractApplicationContext.java:545) [spring-context-4.3.6.RELEASE.jar:4.3.6.RELEASE]
	at org.springframework.boot.context.embedded.EmbeddedWebApplicationContext.refresh(EmbeddedWebApplicationContext.java:122) [spring-boot-1.5.1.RELEASE.jar:1.5.1.RELEASE]
	at org.springframework.boot.SpringApplication.refresh(SpringApplication.java:737) [spring-boot-1.5.1.RELEASE.jar:1.5.1.RELEASE]
	at org.springframework.boot.SpringApplication.refreshContext(SpringApplication.java:370) [spring-boot-1.5.1.RELEASE.jar:1.5.1.RELEASE]
	at org.springframework.boot.SpringApplication.run(SpringApplication.java:314) [spring-boot-1.5.1.RELEASE.jar:1.5.1.RELEASE]
	at org.springframework.boot.SpringApplication.run(SpringApplication.java:1162) [spring-boot-1.5.1.RELEASE.jar:1.5.1.RELEASE]
	at org.springframework.boot.SpringApplication.run(SpringApplication.java:1151) [spring-boot-1.5.1.RELEASE.jar:1.5.1.RELEASE]
	at com.sb.configuration.Entry.main(Entry.java:17) [classes/:na]
Caused by: org.apache.catalina.LifecycleException: service.getName(): "Tomcat";  Protocol handler start failed
	at org.apache.catalina.connector.Connector.startInternal(Connector.java:1000) ~[tomcat-embed-core-8.5.11.jar:8.5.11]
	at org.apache.catalina.util.LifecycleBase.start(LifecycleBase.java:150) ~[tomcat-embed-core-8.5.11.jar:8.5.11]
	... 13 common frames omitted
Caused by: java.net.BindException: Address already in use: bind
	at sun.nio.ch.Net.bind0(Native Method) ~[na:1.8.0_101]
	at sun.nio.ch.Net.bind(Net.java:433) ~[na:1.8.0_101]
	at sun.nio.ch.Net.bind(Net.java:425) ~[na:1.8.0_101]
	at sun.nio.ch.ServerSocketChannelImpl.bind(ServerSocketChannelImpl.java:223) ~[na:1.8.0_101]
	at sun.nio.ch.ServerSocketAdaptor.bind(ServerSocketAdaptor.java:74) ~[na:1.8.0_101]
	at org.apache.tomcat.util.net.NioEndpoint.bind(NioEndpoint.java:210) ~[tomcat-embed-core-8.5.11.jar:8.5.11]
	at org.apache.tomcat.util.net.AbstractEndpoint.start(AbstractEndpoint.java:980) ~[tomcat-embed-core-8.5.11.jar:8.5.11]
	at org.apache.coyote.AbstractProtocol.start(AbstractProtocol.java:573) ~[tomcat-embed-core-8.5.11.jar:8.5.11]
	at org.apache.catalina.connector.Connector.startInternal(Connector.java:993) ~[tomcat-embed-core-8.5.11.jar:8.5.11]
	... 14 common frames omitted

2017-12-21 10:56:23.619  INFO 9868 --- [main] o.apache.catalina.core.StandardService   : Stopping service Tomcat
2017-12-21 10:56:23.631 ERROR 9868 --- [main] o.s.b.d.LoggingFailureAnalysisReporter   : 

***************************
APPLICATION FAILED TO START
***************************

Description:

The Tomcat connector configured to listen on port 8082 failed to start. The port may already be in use or the connector may be misconfigured.

Action:

Verify the connector's configuration, identify and stop any process that's listening on port 8082, or configure this application to listen on another port.

2017-12-21 10:56:45.692  INFO 7336 --- [main] com.sb.configuration.Entry               : Starting Entry on qb-xuhengda with PID 7336 (D:\workspace\spring_boot\target\classes started by John in D:\workspace\spring_boot)
2017-12-21 10:56:45.694  INFO 7336 --- [main] com.sb.configuration.Entry               : No active profile set, falling back to default profiles: default
2017-12-21 10:56:47.257  INFO 7336 --- [main] o.apache.catalina.core.StandardService   : Starting service Tomcat
2017-12-21 10:56:47.259  INFO 7336 --- [main] org.apache.catalina.core.StandardEngine  : Starting Servlet Engine: Apache Tomcat/8.5.11
2017-12-21 10:56:47.361  INFO 7336 --- [localhost-startStop-1] o.a.c.c.C.[Tomcat].[localhost].[/]       : Initializing Spring embedded WebApplicationContext
2017-12-21 10:56:47.760  INFO 7336 --- [main] o.hibernate.jpa.internal.util.LogHelper  : HHH000204: Processing PersistenceUnitInfo [
	name: default
	...]
2017-12-21 10:56:47.820  INFO 7336 --- [main] org.hibernate.Version                    : HHH000412: Hibernate Core {5.0.11.Final}
2017-12-21 10:56:47.821  INFO 7336 --- [main] org.hibernate.cfg.Environment            : HHH000206: hibernate.properties not found
2017-12-21 10:56:47.823  INFO 7336 --- [main] org.hibernate.cfg.Environment            : HHH000021: Bytecode provider name : javassist
2017-12-21 10:56:47.862  INFO 7336 --- [main] o.hibernate.annotations.common.Version   : HCANN000001: Hibernate Commons Annotations {5.0.1.Final}
2017-12-21 10:56:48.255  INFO 7336 --- [main] org.hibernate.dialect.Dialect            : HHH000400: Using dialect: org.hibernate.dialect.MySQL5Dialect
2017-12-21 10:56:48.581  INFO 7336 --- [main] org.hibernate.tool.hbm2ddl.SchemaUpdate  : HHH000228: Running hbm2ddl schema update
2017-12-21 10:56:48.850  INFO 7336 --- [main] o.h.h.i.QueryTranslatorFactoryInitiator  : HHH000397: Using ASTQueryTranslatorFactory
2017-12-21 10:56:50.040  INFO 7336 --- [main] com.sb.configuration.Entry               : Started Entry in 4.582 seconds (JVM running for 4.88)
2017-12-21 10:56:58.061  INFO 7336 --- [http-nio-8083-exec-1] o.a.c.c.C.[Tomcat].[localhost].[/]       : Initializing Spring FrameworkServlet 'dispatcherServlet'
